[0.875s] Invoking command in '/home/zfh/code/ros2Std/town_ws/build/village_wang': /usr/bin/cmake --build /home/zfh/code/ros2Std/town_ws/build/village_wang -- -j4 -l4
[1.229s] -- Found ament_cmake: 1.3.10 (/opt/ros/humble/share/ament_cmake/cmake)
[1.682s] -- Found rclcpp: 16.0.10 (/opt/ros/humble/share/rclcpp/cmake)
[2.055s] -- Found rosidl_generator_c: 3.1.5 (/opt/ros/humble/share/rosidl_generator_c/cmake)
[2.067s] -- Found rosidl_adapter: 3.1.5 (/opt/ros/humble/share/rosidl_adapter/cmake)
[2.088s] -- Found rosidl_generator_cpp: 3.1.5 (/opt/ros/humble/share/rosidl_generator_cpp/cmake)
[2.128s] -- Using all available rosidl_typesupport_c: rosidl_typesupport_fastrtps_c;rosidl_typesupport_introspection_c
[2.175s] -- Using all available rosidl_typesupport_cpp: rosidl_typesupport_fastrtps_cpp;rosidl_typesupport_introspection_cpp
[2.346s] -- Found rmw_implementation_cmake: 6.1.2 (/opt/ros/humble/share/rmw_implementation_cmake/cmake)
[2.354s] -- Found rmw_fastrtps_cpp: 6.2.7 (/opt/ros/humble/share/rmw_fastrtps_cpp/cmake)
[8.381s] -- Using RMW implementation 'rmw_fastrtps_cpp' as default
[8.548s] -- Found ament_lint_auto: 0.12.11 (/opt/ros/humble/share/ament_lint_auto/cmake)
[8.638s] Error parsing '/home/zfh/code/ros2Std/town_ws/src/village_wang/package.xml':
[8.787s] Traceback (most recent call last):
[8.787s]   File "/opt/ros/humble/share/ament_cmake_core/cmake/core/package_xml_2_cmake.py", line 150, in <module>
[8.787s]     main()
[8.787s]   File "/opt/ros/humble/share/ament_cmake_core/cmake/core/package_xml_2_cmake.py", line 53, in main
[8.787s]     raise e
[8.787s]   File "/opt/ros/humble/share/ament_cmake_core/cmake/core/package_xml_2_cmake.py", line 49, in main
[8.787s]     package = parse_package_string(
[8.787s]   File "/usr/lib/python3/dist-packages/catkin_pkg/package.py", line 786, in parse_package_string
[8.801s]     raise InvalidPackage('Error(s):%s' % (''.join(['\n- %s' % e for e in errors])), filename)
[8.801s] catkin_pkg.package.InvalidPackage: Error(s) in package '/home/zfh/code/ros2Std/town_ws/src/village_wang/package.xml':
[8.801s] Error(s):
[8.802s] - The generic dependency on 'std_msgs' is redundant with: build_depend, exec_depend
[8.841s] [31mCMake Error at /opt/ros/humble/share/ament_cmake_core/cmake/core/ament_package_xml.cmake:95 (message):
[8.841s]   execute_process(/usr/bin/python3
[8.841s]   /opt/ros/humble/share/ament_cmake_core/cmake/core/package_xml_2_cmake.py
[8.841s]   /home/zfh/code/ros2Std/town_ws/src/village_wang/package.xml
[8.842s]   /home/zfh/code/ros2Std/town_ws/build/village_wang/ament_cmake_core/package.cmake)
[8.842s]   returned error code 1
[8.842s] Call Stack (most recent call first):
[8.843s]   /opt/ros/humble/share/ament_cmake_core/cmake/core/ament_package_xml.cmake:49 (_ament_package_xml)
[8.843s]   /opt/ros/humble/share/ament_lint_auto/cmake/ament_lint_auto_find_test_dependencies.cmake:31 (ament_package_xml)
[8.843s]   CMakeLists.txt:22 (ament_lint_auto_find_test_dependencies)
[8.843s] 
[8.843s] [0m
[8.843s] -- Configuring incomplete, errors occurred!
[8.844s] See also "/home/zfh/code/ros2Std/town_ws/build/village_wang/CMakeFiles/CMakeOutput.log".
[8.865s] gmake: *** [Makefile:267ï¼šcmake_check_build_system] é”™è¯¯ 1
[8.869s] Invoked command in '/home/zfh/code/ros2Std/town_ws/build/village_wang' returned '2': /usr/bin/cmake --build /home/zfh/code/ros2Std/town_ws/build/village_wang -- -j4 -l4
