[35m[1mConsolidate compiler generated dependencies of target wang2_node[0m
[ 50%] [32mBuilding CXX object CMakeFiles/wang2_node.dir/src/wang2.cpp.o[0m
[01m[K/home/zfh/code/code/ros2Std/town_ws/src/village_wang/src/wang2.cpp:[m[K In constructor â€˜[01m[KSingleDogNode::SingleDogNode(std::string)[m[Kâ€™:
[01m[K/home/zfh/code/code/ros2Std/town_ws/src/village_wang/src/wang2.cpp:10:49:[m[K [01;31m[Kerror: [m[Kexpected â€˜[01m[K{[m[Kâ€™ at end of input
   10 |     SingleDogNode(std::string name) : Node(name)[01;31m[K;[m[K
      |                                                 [01;31m[K^[m[K
[01m[K/home/zfh/code/code/ros2Std/town_ws/src/village_wang/src/wang2.cpp:[m[K At global scope:
[01m[K/home/zfh/code/code/ros2Std/town_ws/src/village_wang/src/wang2.cpp:14:1:[m[K [01;31m[Kerror: [m[Kredefinition of â€˜[01m[KSingleDogNode::SingleDogNode(std::string)[m[Kâ€™
   14 | [01;31m[KSingleDogNode[m[K::SingleDogNode(std::string name) : Node(name)//ä½¿ç”¨åˆå§‹åŒ–åˆ—è¡¨åˆå§‹åŒ–å¯¹è±¡æˆå‘˜
      | [01;31m[K^~~~~~~~~~~~~[m[K
[01m[K/home/zfh/code/code/ros2Std/town_ws/src/village_wang/src/wang2.cpp:10:5:[m[K [01;36m[Knote: [m[Kâ€˜[01m[KSingleDogNode::SingleDogNode(std::string)[m[Kâ€™ previously defined here
   10 |     [01;36m[KSingleDogNode[m[K(std::string name) : Node(name);
      |     [01;36m[K^~~~~~~~~~~~~[m[K
gmake[2]: *** [CMakeFiles/wang2_node.dir/build.make:76ï¼šCMakeFiles/wang2_node.dir/src/wang2.cpp.o] é”™è¯¯ 1
gmake[1]: *** [CMakeFiles/Makefile2:137ï¼šCMakeFiles/wang2_node.dir/all] é”™è¯¯ 2
gmake: *** [Makefile:146ï¼šall] é”™è¯¯ 2
